<?xml version="1.0" encoding="UTF-8"?>
<!-- Generated by org.testng.reporters.JUnitReportReporter -->
<testsuite hostname="sindhujas-MacBook-Pro.local" name="com.testing.XeroAutomationSelenium.TestScriptsXero" tests="357" failures="0" timestamp="16 Apr 2018 02:25:20 GMT" time="575.781" errors="2">
  <testcase name="IncorrectPassword_ID01B" time="0.001" classname="com.testing.XeroAutomationSelenium.TestScriptsXero"/>
  <testcase name="addOrganizationTrial_ID08A" time="0.000" classname="com.testing.XeroAutomationSelenium.TestScriptsXero"/>
  <testcase name="IncorrectPassword_ID01B" time="0.000" classname="com.testing.XeroAutomationSelenium.TestScriptsXero"/>
  <testcase name="addOrganizationStandardPlan_ID08D" time="0.001" classname="com.testing.XeroAutomationSelenium.TestScriptsXero"/>
  <testcase name="IncorrectPassword_ID01B" time="0.002" classname="com.testing.XeroAutomationSelenium.TestScriptsXero"/>
  <testcase name="testAllTabsPage_ID03A" time="0.001" classname="com.testing.XeroAutomationSelenium.TestScriptsXero"/>
  <testcase name="IncorrectEmail_ID01C" time="0.001" classname="com.testing.XeroAutomationSelenium.TestScriptsXero"/>
  <testcase name="uploadProfileImage_ID06A" time="0.000" classname="com.testing.XeroAutomationSelenium.TestScriptsXero"/>
  <testcase name="NavigatetoXero_ID01A" time="0.000" classname="com.testing.XeroAutomationSelenium.TestScriptsXero"/>
  <testcase name="testAllTabsPage_ID03A" time="0.000" classname="com.testing.XeroAutomationSelenium.TestScriptsXero"/>
  <testcase name="signUpToXDC_ID02D" time="0.001" classname="com.testing.XeroAutomationSelenium.TestScriptsXero"/>
  <testcase name="signUpToXDC_ID02C" time="0.001" classname="com.testing.XeroAutomationSelenium.TestScriptsXero"/>
  <testcase name="IncorrectPassword_ID01B" time="0.000" classname="com.testing.XeroAutomationSelenium.TestScriptsXero"/>
  <testcase name="logoutFuctionality_ID04A" time="0.000" classname="com.testing.XeroAutomationSelenium.TestScriptsXero"/>
  <testcase name="addOrganizationTrial_ID08A" time="0.000" classname="com.testing.XeroAutomationSelenium.TestScriptsXero"/>
  <testcase name="NavigateToXero_ID01D" time="12.390" classname="com.testing.XeroAutomationSelenium.TestScriptsXero"/>
  <testcase name="addOrganizationQuickBooks_ID08F" time="0.001" classname="com.testing.XeroAutomationSelenium.TestScriptsXero"/>
  <testcase name="signUpToXDC_ID02C" time="0.001" classname="com.testing.XeroAutomationSelenium.TestScriptsXero"/>
  <testcase name="testAllTabsPage_ID03A" time="0.000" classname="com.testing.XeroAutomationSelenium.TestScriptsXero"/>
  <testcase name="testAllTabsPage_ID03A" time="0.001" classname="com.testing.XeroAutomationSelenium.TestScriptsXero"/>
  <testcase name="IncorrectPassword_ID01B" time="0.001" classname="com.testing.XeroAutomationSelenium.TestScriptsXero"/>
  <testcase name="addOrganizationStandardPlan_ID08D" time="0.000" classname="com.testing.XeroAutomationSelenium.TestScriptsXero"/>
  <testcase name="signUpToXDC_ID02C" time="0.000" classname="com.testing.XeroAutomationSelenium.TestScriptsXero"/>
  <testcase name="addOrganizationQuickBooks_ID08F" time="0.001" classname="com.testing.XeroAutomationSelenium.TestScriptsXero"/>
  <testcase name="uploadProfileImage_ID06A" time="0.000" classname="com.testing.XeroAutomationSelenium.TestScriptsXero"/>
  <testcase name="checkBillingInfo_ID10" time="0.001" classname="com.testing.XeroAutomationSelenium.TestScriptsXero"/>
  <testcase name="signUpToXDC_ID02C" time="0.001" classname="com.testing.XeroAutomationSelenium.TestScriptsXero"/>
  <testcase name="NavigateToXero_ID01D" time="0.003" classname="com.testing.XeroAutomationSelenium.TestScriptsXero"/>
  <testcase name="signUpToXDC_ID02D" time="23.890" classname="com.testing.XeroAutomationSelenium.TestScriptsXero"/>
  <testcase name="IncorrectEmail_ID01C" time="0.002" classname="com.testing.XeroAutomationSelenium.TestScriptsXero"/>
  <testcase name="addOrganizationQuickBooks_ID08F" time="0.001" classname="com.testing.XeroAutomationSelenium.TestScriptsXero"/>
  <testcase name="checkBillingInfo_ID10" time="0.001" classname="com.testing.XeroAutomationSelenium.TestScriptsXero"/>
  <testcase name="IncorrectEmail_ID01C" time="0.000" classname="com.testing.XeroAutomationSelenium.TestScriptsXero"/>
  <testcase name="signUpToXDC_ID02C" time="0.001" classname="com.testing.XeroAutomationSelenium.TestScriptsXero"/>
  <testcase name="checkBillingInfo_ID10" time="0.000" classname="com.testing.XeroAutomationSelenium.TestScriptsXero"/>
  <testcase name="IncorrectEmail_ID01C" time="0.001" classname="com.testing.XeroAutomationSelenium.TestScriptsXero"/>
  <testcase name="addOrganizationPremiumPlan_ID08E" time="0.001" classname="com.testing.XeroAutomationSelenium.TestScriptsXero"/>
  <testcase name="addOrganizationPremiumPlan_ID08E" time="0.000" classname="com.testing.XeroAutomationSelenium.TestScriptsXero"/>
  <testcase name="logoutFuctionality_ID04A" time="0.000" classname="com.testing.XeroAutomationSelenium.TestScriptsXero"/>
  <testcase name="addOrganizationPremiumPlan_ID08E" time="65.588" classname="com.testing.XeroAutomationSelenium.TestScriptsXero"/>
  <testcase name="IncorrectPassword_ID01B" time="0.001" classname="com.testing.XeroAutomationSelenium.TestScriptsXero"/>
  <testcase name="addOrganizationTrial_ID08A" time="0.000" classname="com.testing.XeroAutomationSelenium.TestScriptsXero"/>
  <testcase name="addOrganizationStarterPlan_ID08C" time="0.000" classname="com.testing.XeroAutomationSelenium.TestScriptsXero"/>
  <testcase name="addOrganizationPaid_ID08B" time="0.002" classname="com.testing.XeroAutomationSelenium.TestScriptsXero"/>
  <testcase name="addOrganizationStarterPlan_ID08C" time="0.001" classname="com.testing.XeroAutomationSelenium.TestScriptsXero"/>
  <testcase name="signUpToXDC_ID02C" time="0.001" classname="com.testing.XeroAutomationSelenium.TestScriptsXero"/>
  <testcase name="addOrganizationStarterPlan_ID08C" time="0.001" classname="com.testing.XeroAutomationSelenium.TestScriptsXero"/>
  <testcase name="addOrganizationPaid_ID08B" time="0.001" classname="com.testing.XeroAutomationSelenium.TestScriptsXero"/>
  <testcase name="signUpToXDC_ID02C" time="0.001" classname="com.testing.XeroAutomationSelenium.TestScriptsXero"/>
  <testcase name="signUpToXDC_ID02D" time="0.001" classname="com.testing.XeroAutomationSelenium.TestScriptsXero"/>
  <testcase name="addOrganizationTrial_ID08A" time="0.005" classname="com.testing.XeroAutomationSelenium.TestScriptsXero"/>
  <testcase name="NavigatetoXero_ID01A" time="0.001" classname="com.testing.XeroAutomationSelenium.TestScriptsXero"/>
  <testcase name="signUpToXDC_ID02E" time="0.000" classname="com.testing.XeroAutomationSelenium.TestScriptsXero"/>
  <testcase name="checkBillingInfo_ID10" time="0.001" classname="com.testing.XeroAutomationSelenium.TestScriptsXero"/>
  <testcase name="logoutFuctionality_ID04A" time="0.000" classname="com.testing.XeroAutomationSelenium.TestScriptsXero"/>
  <testcase name="addOrganizationPaid_ID08B" time="0.001" classname="com.testing.XeroAutomationSelenium.TestScriptsXero"/>
  <testcase name="signUpToXDC_ID02E" time="0.000" classname="com.testing.XeroAutomationSelenium.TestScriptsXero"/>
  <testcase name="addOrganizationPremiumPlan_ID08E" time="0.001" classname="com.testing.XeroAutomationSelenium.TestScriptsXero"/>
  <testcase name="addOrganizationStarterPlan_ID08C" time="0.001" classname="com.testing.XeroAutomationSelenium.TestScriptsXero"/>
  <testcase name="checkBillingInfo_ID10" time="23.273" classname="com.testing.XeroAutomationSelenium.TestScriptsXero"/>
  <testcase name="signUpToXDC_ID02E" time="0.000" classname="com.testing.XeroAutomationSelenium.TestScriptsXero"/>
  <testcase name="addOrganizationPremiumPlan_ID08E" time="0.001" classname="com.testing.XeroAutomationSelenium.TestScriptsXero"/>
  <testcase name="signUpToXDC_ID02E" time="0.000" classname="com.testing.XeroAutomationSelenium.TestScriptsXero"/>
  <testcase name="uploadProfileImage_ID06A" time="0.001" classname="com.testing.XeroAutomationSelenium.TestScriptsXero"/>
  <testcase name="checkBillingInfo_ID10" time="0.000" classname="com.testing.XeroAutomationSelenium.TestScriptsXero"/>
  <testcase name="signUpToXDC_ID02C" time="0.001" classname="com.testing.XeroAutomationSelenium.TestScriptsXero"/>
  <testcase name="addOrganizationStandardPlan_ID08D" time="0.000" classname="com.testing.XeroAutomationSelenium.TestScriptsXero"/>
  <testcase name="addOrganizationStarterPlan_ID08C" time="0.000" classname="com.testing.XeroAutomationSelenium.TestScriptsXero"/>
  <testcase name="addOrganizationTrial_ID08A" time="0.000" classname="com.testing.XeroAutomationSelenium.TestScriptsXero"/>
  <testcase name="uploadProfileImage_ID06A" time="0.000" classname="com.testing.XeroAutomationSelenium.TestScriptsXero"/>
  <testcase name="addOrganizationStarterPlan_ID08C" time="0.000" classname="com.testing.XeroAutomationSelenium.TestScriptsXero"/>
  <testcase name="addOrganizationStarterPlan_ID08C" time="0.001" classname="com.testing.XeroAutomationSelenium.TestScriptsXero"/>
  <testcase name="signUpToXDC_ID02D" time="0.000" classname="com.testing.XeroAutomationSelenium.TestScriptsXero"/>
  <testcase name="signUpToXDC_ID02D" time="0.001" classname="com.testing.XeroAutomationSelenium.TestScriptsXero"/>
  <testcase name="signUpToXDC_ID02C" time="0.000" classname="com.testing.XeroAutomationSelenium.TestScriptsXero"/>
  <testcase name="checkBillingInfo_ID10" time="0.001" classname="com.testing.XeroAutomationSelenium.TestScriptsXero"/>
  <testcase name="signUpToXDC_ID02E" time="0.001" classname="com.testing.XeroAutomationSelenium.TestScriptsXero"/>
  <testcase name="addOrganizationPaid_ID08B" time="0.001" classname="com.testing.XeroAutomationSelenium.TestScriptsXero"/>
  <testcase name="addOrganizationPaid_ID08B" time="0.001" classname="com.testing.XeroAutomationSelenium.TestScriptsXero"/>
  <testcase name="addOrganizationPaid_ID08B" time="0.001" classname="com.testing.XeroAutomationSelenium.TestScriptsXero"/>
  <testcase name="checkBillingInfo_ID10" time="0.000" classname="com.testing.XeroAutomationSelenium.TestScriptsXero"/>
  <testcase name="checkBillingInfo_ID10" time="0.000" classname="com.testing.XeroAutomationSelenium.TestScriptsXero"/>
  <testcase name="NavigateToXero_ID01D" time="0.001" classname="com.testing.XeroAutomationSelenium.TestScriptsXero"/>
  <testcase name="IncorrectPassword_ID01B" time="0.006" classname="com.testing.XeroAutomationSelenium.TestScriptsXero"/>
  <testcase name="addOrganizationPremiumPlan_ID08E" time="0.001" classname="com.testing.XeroAutomationSelenium.TestScriptsXero"/>
  <testcase name="addOrganizationStandardPlan_ID08D" time="0.001" classname="com.testing.XeroAutomationSelenium.TestScriptsXero"/>
  <testcase name="NavigateToXero_ID01D" time="0.001" classname="com.testing.XeroAutomationSelenium.TestScriptsXero"/>
  <testcase name="addOrganizationStandardPlan_ID08D" time="0.002" classname="com.testing.XeroAutomationSelenium.TestScriptsXero"/>
  <testcase name="addOrganizationStarterPlan_ID08C" time="0.000" classname="com.testing.XeroAutomationSelenium.TestScriptsXero"/>
  <testcase name="NavigateToXero_ID01D" time="0.001" classname="com.testing.XeroAutomationSelenium.TestScriptsXero"/>
  <testcase name="NavigatetoXero_ID01A" time="0.000" classname="com.testing.XeroAutomationSelenium.TestScriptsXero"/>
  <testcase name="testAllTabsPage_ID03A" time="0.001" classname="com.testing.XeroAutomationSelenium.TestScriptsXero"/>
  <testcase name="NavigatetoXero_ID01A" time="0.000" classname="com.testing.XeroAutomationSelenium.TestScriptsXero"/>
  <testcase name="testAllTabsPage_ID03A" time="0.000" classname="com.testing.XeroAutomationSelenium.TestScriptsXero"/>
  <testcase name="IncorrectPassword_ID01B" time="11.332" classname="com.testing.XeroAutomationSelenium.TestScriptsXero"/>
  <testcase name="addOrganizationPremiumPlan_ID08E" time="0.001" classname="com.testing.XeroAutomationSelenium.TestScriptsXero"/>
  <testcase name="addOrganizationStarterPlan_ID08C" time="0.002" classname="com.testing.XeroAutomationSelenium.TestScriptsXero"/>
  <testcase name="addOrganizationPaid_ID08B" time="0.001" classname="com.testing.XeroAutomationSelenium.TestScriptsXero"/>
  <testcase name="addOrganizationStandardPlan_ID08D" time="0.001" classname="com.testing.XeroAutomationSelenium.TestScriptsXero"/>
  <testcase name="signUpToXDC_ID02C" time="0.001" classname="com.testing.XeroAutomationSelenium.TestScriptsXero"/>
  <testcase name="logoutFuctionality_ID04A" time="0.000" classname="com.testing.XeroAutomationSelenium.TestScriptsXero"/>
  <testcase name="logoutFuctionality_ID04A" time="16.189" classname="com.testing.XeroAutomationSelenium.TestScriptsXero">
    <error type="org.openqa.selenium.NoSuchElementException" message="Unable to locate element: //*[@id=&#039;xero-nav&#039;]/div[2]/div[1]/div[2]/a
For documentation on this error, please visit: http://seleniumhq.org/exceptions/no_such_element.html
Build info: version: &#039;3.10.0&#039;, revision: &#039;176b4a9&#039;, time: &#039;2018-03-02T19:03:16.397Z&#039;
System info: host: &#039;sindhujas-MacBook-Pro.local&#039;, ip: &#039;2601:647:5200:1160:d912:9558:d43:b117&#039;, os.name: &#039;Mac OS X&#039;, os.arch: &#039;x86_64&#039;, os.version: &#039;10.10.5&#039;, java.version: &#039;1.8.0_60&#039;
Driver info: org.openqa.selenium.firefox.FirefoxDriver
Capabilities {acceptInsecureCerts: true, browserName: firefox, browserVersion: 54.0.1, javascriptEnabled: true, moz:accessibilityChecks: false, moz:processID: 1928, moz:profile: /var/folders/_6/mq3n1df50s3..., pageLoadStrategy: normal, platform: MAC, platformName: MAC, platformVersion: 14.5.0, rotatable: false, specificationLevel: 0, timeouts: {implicit: 0, pageLoad: 300000, script: 30000}}
Session ID: 4d700190-64dd-474f-9a83-60f1f11cfcab
*** Element info: {Using=xpath, value=//*[@id=&#039;xero-nav&#039;]/div[2]/div[1]/div[2]/a}">
      <![CDATA[org.openqa.selenium.NoSuchElementException: Unable to locate element: //*[@id='xero-nav']/div[2]/div[1]/div[2]/a
For documentation on this error, please visit: http://seleniumhq.org/exceptions/no_such_element.html
Build info: version: '3.10.0', revision: '176b4a9', time: '2018-03-02T19:03:16.397Z'
System info: host: 'sindhujas-MacBook-Pro.local', ip: '2601:647:5200:1160:d912:9558:d43:b117', os.name: 'Mac OS X', os.arch: 'x86_64', os.version: '10.10.5', java.version: '1.8.0_60'
Driver info: org.openqa.selenium.firefox.FirefoxDriver
Capabilities {acceptInsecureCerts: true, browserName: firefox, browserVersion: 54.0.1, javascriptEnabled: true, moz:accessibilityChecks: false, moz:processID: 1928, moz:profile: /var/folders/_6/mq3n1df50s3..., pageLoadStrategy: normal, platform: MAC, platformName: MAC, platformVersion: 14.5.0, rotatable: false, specificationLevel: 0, timeouts: {implicit: 0, pageLoad: 300000, script: 30000}}
Session ID: 4d700190-64dd-474f-9a83-60f1f11cfcab
*** Element info: {Using=xpath, value=//*[@id='xero-nav']/div[2]/div[1]/div[2]/a}
	at sun.reflect.NativeConstructorAccessorImpl.newInstance0(Native Method)
	at sun.reflect.NativeConstructorAccessorImpl.newInstance(NativeConstructorAccessorImpl.java:62)
	at sun.reflect.DelegatingConstructorAccessorImpl.newInstance(DelegatingConstructorAccessorImpl.java:45)
	at java.lang.reflect.Constructor.newInstance(Constructor.java:422)
	at org.openqa.selenium.remote.http.W3CHttpResponseCodec.createException(W3CHttpResponseCodec.java:187)
	at org.openqa.selenium.remote.http.W3CHttpResponseCodec.decode(W3CHttpResponseCodec.java:122)
	at org.openqa.selenium.remote.http.W3CHttpResponseCodec.decode(W3CHttpResponseCodec.java:49)
	at org.openqa.selenium.remote.HttpCommandExecutor.execute(HttpCommandExecutor.java:160)
	at org.openqa.selenium.remote.service.DriverCommandExecutor.execute(DriverCommandExecutor.java:83)
	at org.openqa.selenium.remote.RemoteWebDriver.execute(RemoteWebDriver.java:601)
	at org.openqa.selenium.remote.RemoteWebDriver.findElement(RemoteWebDriver.java:371)
	at org.openqa.selenium.remote.RemoteWebDriver.findElementByXPath(RemoteWebDriver.java:473)
	at org.openqa.selenium.By$ByXPath.findElement(By.java:361)
	at org.openqa.selenium.remote.RemoteWebDriver.findElement(RemoteWebDriver.java:363)
	at com.testing.XeroAutomationSelenium.ModuleXero.logOut(ModuleXero.java:150)
	at com.testing.XeroAutomationSelenium.TestScriptsXero.logoutFuctionality_ID04A(TestScriptsXero.java:396)
	at sun.reflect.NativeMethodAccessorImpl.invoke0(Native Method)
	at sun.reflect.NativeMethodAccessorImpl.invoke(NativeMethodAccessorImpl.java:62)
	at sun.reflect.DelegatingMethodAccessorImpl.invoke(DelegatingMethodAccessorImpl.java:43)
	at java.lang.reflect.Method.invoke(Method.java:497)
	at org.testng.internal.MethodInvocationHelper.invokeMethod(MethodInvocationHelper.java:85)
	at org.testng.internal.Invoker.invokeMethod(Invoker.java:639)
	at org.testng.internal.Invoker.invokeTestMethod(Invoker.java:816)
	at org.testng.internal.Invoker.invokeTestMethods(Invoker.java:1124)
	at org.testng.internal.TestMethodWorker.invokeTestMethods(TestMethodWorker.java:125)
	at org.testng.internal.TestMethodWorker.run(TestMethodWorker.java:108)
	at org.testng.TestRunner.privateRun(TestRunner.java:774)
	at org.testng.TestRunner.run(TestRunner.java:624)
	at org.testng.SuiteRunner.runTest(SuiteRunner.java:359)
	at org.testng.SuiteRunner.runSequentially(SuiteRunner.java:354)
	at org.testng.SuiteRunner.privateRun(SuiteRunner.java:312)
	at org.testng.SuiteRunner.run(SuiteRunner.java:261)
	at org.testng.SuiteRunnerWorker.runSuite(SuiteRunnerWorker.java:52)
	at org.testng.SuiteRunnerWorker.run(SuiteRunnerWorker.java:86)
	at org.testng.TestNG.runSuitesSequentially(TestNG.java:1215)
	at org.testng.TestNG.runSuitesLocally(TestNG.java:1140)
	at org.testng.TestNG.run(TestNG.java:1048)
	at org.testng.remote.AbstractRemoteTestNG.run(AbstractRemoteTestNG.java:114)
	at org.testng.remote.RemoteTestNG.initAndRun(RemoteTestNG.java:251)
	at org.testng.remote.RemoteTestNG.main(RemoteTestNG.java:77)
]]>
    </error>
  </testcase> <!-- logoutFuctionality_ID04A -->
  <testcase name="NavigatetoXero_ID01A" time="0.000" classname="com.testing.XeroAutomationSelenium.TestScriptsXero"/>
  <testcase name="IncorrectEmail_ID01C" time="0.003" classname="com.testing.XeroAutomationSelenium.TestScriptsXero"/>
  <testcase name="signUpToXDC_ID02D" time="0.000" classname="com.testing.XeroAutomationSelenium.TestScriptsXero"/>
  <testcase name="signUpToXDC_ID02D" time="0.000" classname="com.testing.XeroAutomationSelenium.TestScriptsXero"/>
  <testcase name="signUpToXDC_ID02E" time="0.000" classname="com.testing.XeroAutomationSelenium.TestScriptsXero"/>
  <testcase name="signUpToXDC_ID02C" time="0.000" classname="com.testing.XeroAutomationSelenium.TestScriptsXero"/>
  <testcase name="addOrganizationTrial_ID08A" time="0.000" classname="com.testing.XeroAutomationSelenium.TestScriptsXero"/>
  <testcase name="checkBillingInfo_ID10" time="0.002" classname="com.testing.XeroAutomationSelenium.TestScriptsXero"/>
  <testcase name="signUpToXDC_ID02D" time="0.001" classname="com.testing.XeroAutomationSelenium.TestScriptsXero"/>
  <testcase name="addOrganizationStandardPlan_ID08D" time="0.001" classname="com.testing.XeroAutomationSelenium.TestScriptsXero"/>
  <testcase name="signUpToXDC_ID02D" time="0.000" classname="com.testing.XeroAutomationSelenium.TestScriptsXero"/>
  <testcase name="NavigateToXero_ID01D" time="0.001" classname="com.testing.XeroAutomationSelenium.TestScriptsXero"/>
  <testcase name="IncorrectPassword_ID01B" time="0.000" classname="com.testing.XeroAutomationSelenium.TestScriptsXero"/>
  <testcase name="signUpToXDC_ID02D" time="0.000" classname="com.testing.XeroAutomationSelenium.TestScriptsXero"/>
  <testcase name="addOrganizationPremiumPlan_ID08E" time="0.001" classname="com.testing.XeroAutomationSelenium.TestScriptsXero"/>
  <testcase name="IncorrectPassword_ID01B" time="0.001" classname="com.testing.XeroAutomationSelenium.TestScriptsXero"/>
  <testcase name="NavigatetoXero_ID01A" time="0.001" classname="com.testing.XeroAutomationSelenium.TestScriptsXero"/>
  <testcase name="addOrganizationPaid_ID08B" time="0.001" classname="com.testing.XeroAutomationSelenium.TestScriptsXero"/>
  <testcase name="addOrganizationPaid_ID08B" time="0.001" classname="com.testing.XeroAutomationSelenium.TestScriptsXero"/>
  <testcase name="addOrganizationQuickBooks_ID08F" time="0.001" classname="com.testing.XeroAutomationSelenium.TestScriptsXero"/>
  <testcase name="NavigateToXero_ID01D" time="0.000" classname="com.testing.XeroAutomationSelenium.TestScriptsXero"/>
  <testcase name="NavigatetoXero_ID01A" time="0.002" classname="com.testing.XeroAutomationSelenium.TestScriptsXero"/>
  <testcase name="NavigateToXero_ID01D" time="0.001" classname="com.testing.XeroAutomationSelenium.TestScriptsXero"/>
  <testcase name="checkBillingInfo_ID10" time="0.001" classname="com.testing.XeroAutomationSelenium.TestScriptsXero"/>
  <testcase name="addOrganizationStandardPlan_ID08D" time="0.001" classname="com.testing.XeroAutomationSelenium.TestScriptsXero"/>
  <testcase name="checkBillingInfo_ID10" time="0.000" classname="com.testing.XeroAutomationSelenium.TestScriptsXero"/>
  <testcase name="testAllTabsPage_ID03A" time="0.001" classname="com.testing.XeroAutomationSelenium.TestScriptsXero"/>
  <testcase name="addOrganizationStarterPlan_ID08C" time="0.000" classname="com.testing.XeroAutomationSelenium.TestScriptsXero"/>
  <testcase name="checkBillingInfo_ID10" time="0.001" classname="com.testing.XeroAutomationSelenium.TestScriptsXero"/>
  <testcase name="NavigatetoXero_ID01A" time="0.001" classname="com.testing.XeroAutomationSelenium.TestScriptsXero"/>
  <testcase name="logoutFuctionality_ID04A" time="0.000" classname="com.testing.XeroAutomationSelenium.TestScriptsXero"/>
  <testcase name="addOrganizationPaid_ID08B" time="0.001" classname="com.testing.XeroAutomationSelenium.TestScriptsXero"/>
  <testcase name="uploadProfileImage_ID06A" time="0.002" classname="com.testing.XeroAutomationSelenium.TestScriptsXero"/>
  <testcase name="addOrganizationPremiumPlan_ID08E" time="0.005" classname="com.testing.XeroAutomationSelenium.TestScriptsXero"/>
  <testcase name="addOrganizationTrial_ID08A" time="0.000" classname="com.testing.XeroAutomationSelenium.TestScriptsXero"/>
  <testcase name="uploadProfileImage_ID06A" time="0.001" classname="com.testing.XeroAutomationSelenium.TestScriptsXero"/>
  <testcase name="checkBillingInfo_ID10" time="0.000" classname="com.testing.XeroAutomationSelenium.TestScriptsXero"/>
  <testcase name="addOrganizationPremiumPlan_ID08E" time="0.008" classname="com.testing.XeroAutomationSelenium.TestScriptsXero"/>
  <testcase name="addOrganizationTrial_ID08A" time="0.003" classname="com.testing.XeroAutomationSelenium.TestScriptsXero"/>
  <testcase name="addOrganizationPremiumPlan_ID08E" time="0.000" classname="com.testing.XeroAutomationSelenium.TestScriptsXero"/>
  <testcase name="addOrganizationQuickBooks_ID08F" time="0.005" classname="com.testing.XeroAutomationSelenium.TestScriptsXero"/>
  <testcase name="addOrganizationQuickBooks_ID08F" time="0.000" classname="com.testing.XeroAutomationSelenium.TestScriptsXero"/>
  <testcase name="addOrganizationPremiumPlan_ID08E" time="0.001" classname="com.testing.XeroAutomationSelenium.TestScriptsXero"/>
  <testcase name="addOrganizationStandardPlan_ID08D" time="0.000" classname="com.testing.XeroAutomationSelenium.TestScriptsXero"/>
  <testcase name="addOrganizationPremiumPlan_ID08E" time="0.000" classname="com.testing.XeroAutomationSelenium.TestScriptsXero"/>
  <testcase name="logoutFuctionality_ID04A" time="0.000" classname="com.testing.XeroAutomationSelenium.TestScriptsXero"/>
  <testcase name="signUpToXDC_ID02D" time="0.000" classname="com.testing.XeroAutomationSelenium.TestScriptsXero"/>
  <testcase name="NavigateToXero_ID01D" time="0.000" classname="com.testing.XeroAutomationSelenium.TestScriptsXero"/>
  <testcase name="signUpToXDC_ID02E" time="0.001" classname="com.testing.XeroAutomationSelenium.TestScriptsXero"/>
  <testcase name="IncorrectPassword_ID01B" time="0.000" classname="com.testing.XeroAutomationSelenium.TestScriptsXero"/>
  <testcase name="uploadProfileImage_ID06A" time="0.013" classname="com.testing.XeroAutomationSelenium.TestScriptsXero"/>
  <testcase name="addOrganizationStarterPlan_ID08C" time="65.132" classname="com.testing.XeroAutomationSelenium.TestScriptsXero"/>
  <testcase name="addOrganizationStarterPlan_ID08C" time="0.001" classname="com.testing.XeroAutomationSelenium.TestScriptsXero"/>
  <testcase name="addOrganizationTrial_ID08A" time="0.001" classname="com.testing.XeroAutomationSelenium.TestScriptsXero"/>
  <testcase name="IncorrectPassword_ID01B" time="0.001" classname="com.testing.XeroAutomationSelenium.TestScriptsXero"/>
  <testcase name="signUpToXDC_ID02C" time="0.001" classname="com.testing.XeroAutomationSelenium.TestScriptsXero"/>
  <testcase name="addOrganizationQuickBooks_ID08F" time="0.001" classname="com.testing.XeroAutomationSelenium.TestScriptsXero"/>
  <testcase name="NavigatetoXero_ID01A" time="0.000" classname="com.testing.XeroAutomationSelenium.TestScriptsXero"/>
  <testcase name="addOrganizationStarterPlan_ID08C" time="0.000" classname="com.testing.XeroAutomationSelenium.TestScriptsXero"/>
  <testcase name="uploadProfileImage_ID06A" time="0.001" classname="com.testing.XeroAutomationSelenium.TestScriptsXero"/>
  <testcase name="addOrganizationStandardPlan_ID08D" time="0.001" classname="com.testing.XeroAutomationSelenium.TestScriptsXero"/>
  <testcase name="addOrganizationPaid_ID08B" time="0.001" classname="com.testing.XeroAutomationSelenium.TestScriptsXero"/>
  <testcase name="addOrganizationPaid_ID08B" time="0.006" classname="com.testing.XeroAutomationSelenium.TestScriptsXero"/>
  <testcase name="testAllTabsPage_ID03A" time="0.021" classname="com.testing.XeroAutomationSelenium.TestScriptsXero"/>
  <testcase name="IncorrectEmail_ID01C" time="0.005" classname="com.testing.XeroAutomationSelenium.TestScriptsXero"/>
  <testcase name="signUpToXDC_ID02D" time="0.000" classname="com.testing.XeroAutomationSelenium.TestScriptsXero"/>
  <testcase name="logoutFuctionality_ID04A" time="0.000" classname="com.testing.XeroAutomationSelenium.TestScriptsXero"/>
  <testcase name="NavigateToXero_ID01D" time="0.002" classname="com.testing.XeroAutomationSelenium.TestScriptsXero"/>
  <testcase name="NavigatetoXero_ID01A" time="0.001" classname="com.testing.XeroAutomationSelenium.TestScriptsXero"/>
  <testcase name="addOrganizationQuickBooks_ID08F" time="0.001" classname="com.testing.XeroAutomationSelenium.TestScriptsXero"/>
  <testcase name="signUpToXDC_ID02E" time="0.000" classname="com.testing.XeroAutomationSelenium.TestScriptsXero"/>
  <testcase name="IncorrectPassword_ID01B" time="0.001" classname="com.testing.XeroAutomationSelenium.TestScriptsXero"/>
  <testcase name="addOrganizationTrial_ID08A" time="47.043" classname="com.testing.XeroAutomationSelenium.TestScriptsXero">
    <error type="org.openqa.selenium.NoSuchElementException" message="Unable to locate element: //*[@id=&#039;root&#039;]/div/div/header/div/h1
For documentation on this error, please visit: http://seleniumhq.org/exceptions/no_such_element.html
Build info: version: &#039;3.10.0&#039;, revision: &#039;176b4a9&#039;, time: &#039;2018-03-02T19:03:16.397Z&#039;
System info: host: &#039;sindhujas-MacBook-Pro.local&#039;, ip: &#039;2601:647:5200:1160:d912:9558:d43:b117&#039;, os.name: &#039;Mac OS X&#039;, os.arch: &#039;x86_64&#039;, os.version: &#039;10.10.5&#039;, java.version: &#039;1.8.0_60&#039;
Driver info: org.openqa.selenium.firefox.FirefoxDriver
Capabilities {acceptInsecureCerts: true, browserName: firefox, browserVersion: 54.0.1, javascriptEnabled: true, moz:accessibilityChecks: false, moz:processID: 1919, moz:profile: /var/folders/_6/mq3n1df50s3..., pageLoadStrategy: normal, platform: MAC, platformName: MAC, platformVersion: 14.5.0, rotatable: false, specificationLevel: 0, timeouts: {implicit: 0, pageLoad: 300000, script: 30000}}
Session ID: c78c36ce-a3cf-c54e-9e31-63b66df59f53
*** Element info: {Using=xpath, value=//*[@id=&#039;root&#039;]/div/div/header/div/h1}">
      <![CDATA[org.openqa.selenium.NoSuchElementException: Unable to locate element: //*[@id='root']/div/div/header/div/h1
For documentation on this error, please visit: http://seleniumhq.org/exceptions/no_such_element.html
Build info: version: '3.10.0', revision: '176b4a9', time: '2018-03-02T19:03:16.397Z'
System info: host: 'sindhujas-MacBook-Pro.local', ip: '2601:647:5200:1160:d912:9558:d43:b117', os.name: 'Mac OS X', os.arch: 'x86_64', os.version: '10.10.5', java.version: '1.8.0_60'
Driver info: org.openqa.selenium.firefox.FirefoxDriver
Capabilities {acceptInsecureCerts: true, browserName: firefox, browserVersion: 54.0.1, javascriptEnabled: true, moz:accessibilityChecks: false, moz:processID: 1919, moz:profile: /var/folders/_6/mq3n1df50s3..., pageLoadStrategy: normal, platform: MAC, platformName: MAC, platformVersion: 14.5.0, rotatable: false, specificationLevel: 0, timeouts: {implicit: 0, pageLoad: 300000, script: 30000}}
Session ID: c78c36ce-a3cf-c54e-9e31-63b66df59f53
*** Element info: {Using=xpath, value=//*[@id='root']/div/div/header/div/h1}
	at sun.reflect.NativeConstructorAccessorImpl.newInstance0(Native Method)
	at sun.reflect.NativeConstructorAccessorImpl.newInstance(NativeConstructorAccessorImpl.java:62)
	at sun.reflect.DelegatingConstructorAccessorImpl.newInstance(DelegatingConstructorAccessorImpl.java:45)
	at java.lang.reflect.Constructor.newInstance(Constructor.java:422)
	at org.openqa.selenium.remote.http.W3CHttpResponseCodec.createException(W3CHttpResponseCodec.java:187)
	at org.openqa.selenium.remote.http.W3CHttpResponseCodec.decode(W3CHttpResponseCodec.java:122)
	at org.openqa.selenium.remote.http.W3CHttpResponseCodec.decode(W3CHttpResponseCodec.java:49)
	at org.openqa.selenium.remote.HttpCommandExecutor.execute(HttpCommandExecutor.java:160)
	at org.openqa.selenium.remote.service.DriverCommandExecutor.execute(DriverCommandExecutor.java:83)
	at org.openqa.selenium.remote.RemoteWebDriver.execute(RemoteWebDriver.java:601)
	at org.openqa.selenium.remote.RemoteWebDriver.findElement(RemoteWebDriver.java:371)
	at org.openqa.selenium.remote.RemoteWebDriver.findElementByXPath(RemoteWebDriver.java:473)
	at org.openqa.selenium.By$ByXPath.findElement(By.java:361)
	at org.openqa.selenium.remote.RemoteWebDriver.findElement(RemoteWebDriver.java:363)
	at com.testing.XeroAutomationSelenium.TestScriptsXero.addOrganizationTrial_ID08A(TestScriptsXero.java:465)
	at sun.reflect.NativeMethodAccessorImpl.invoke0(Native Method)
	at sun.reflect.NativeMethodAccessorImpl.invoke(NativeMethodAccessorImpl.java:62)
	at sun.reflect.DelegatingMethodAccessorImpl.invoke(DelegatingMethodAccessorImpl.java:43)
	at java.lang.reflect.Method.invoke(Method.java:497)
	at org.testng.internal.MethodInvocationHelper.invokeMethod(MethodInvocationHelper.java:85)
	at org.testng.internal.Invoker.invokeMethod(Invoker.java:639)
	at org.testng.internal.Invoker.invokeTestMethod(Invoker.java:816)
	at org.testng.internal.Invoker.invokeTestMethods(Invoker.java:1124)
	at org.testng.internal.TestMethodWorker.invokeTestMethods(TestMethodWorker.java:125)
	at org.testng.internal.TestMethodWorker.run(TestMethodWorker.java:108)
	at org.testng.TestRunner.privateRun(TestRunner.java:774)
	at org.testng.TestRunner.run(TestRunner.java:624)
	at org.testng.SuiteRunner.runTest(SuiteRunner.java:359)
	at org.testng.SuiteRunner.runSequentially(SuiteRunner.java:354)
	at org.testng.SuiteRunner.privateRun(SuiteRunner.java:312)
	at org.testng.SuiteRunner.run(SuiteRunner.java:261)
	at org.testng.SuiteRunnerWorker.runSuite(SuiteRunnerWorker.java:52)
	at org.testng.SuiteRunnerWorker.run(SuiteRunnerWorker.java:86)
	at org.testng.TestNG.runSuitesSequentially(TestNG.java:1215)
	at org.testng.TestNG.runSuitesLocally(TestNG.java:1140)
	at org.testng.TestNG.run(TestNG.java:1048)
	at org.testng.remote.AbstractRemoteTestNG.run(AbstractRemoteTestNG.java:114)
	at org.testng.remote.RemoteTestNG.initAndRun(RemoteTestNG.java:251)
	at org.testng.remote.RemoteTestNG.main(RemoteTestNG.java:77)
]]>
    </error>
  </testcase> <!-- addOrganizationTrial_ID08A -->
  <testcase name="NavigateToXero_ID01D" time="0.001" classname="com.testing.XeroAutomationSelenium.TestScriptsXero"/>
  <testcase name="uploadProfileImage_ID06A" time="0.001" classname="com.testing.XeroAutomationSelenium.TestScriptsXero"/>
  <testcase name="logoutFuctionality_ID04A" time="0.000" classname="com.testing.XeroAutomationSelenium.TestScriptsXero"/>
  <testcase name="uploadProfileImage_ID06A" time="0.002" classname="com.testing.XeroAutomationSelenium.TestScriptsXero"/>
  <testcase name="uploadProfileImage_ID06A" time="0.001" classname="com.testing.XeroAutomationSelenium.TestScriptsXero"/>
  <testcase name="IncorrectPassword_ID01B" time="0.001" classname="com.testing.XeroAutomationSelenium.TestScriptsXero"/>
  <testcase name="NavigateToXero_ID01D" time="0.000" classname="com.testing.XeroAutomationSelenium.TestScriptsXero"/>
  <testcase name="NavigateToXero_ID01D" time="0.000" classname="com.testing.XeroAutomationSelenium.TestScriptsXero"/>
  <testcase name="addOrganizationStarterPlan_ID08C" time="0.000" classname="com.testing.XeroAutomationSelenium.TestScriptsXero"/>
  <testcase name="addOrganizationTrial_ID08A" time="0.001" classname="com.testing.XeroAutomationSelenium.TestScriptsXero"/>
  <testcase name="addOrganizationStandardPlan_ID08D" time="0.001" classname="com.testing.XeroAutomationSelenium.TestScriptsXero"/>
  <testcase name="signUpToXDC_ID02C" time="0.001" classname="com.testing.XeroAutomationSelenium.TestScriptsXero"/>
  <testcase name="signUpToXDC_ID02E" time="0.000" classname="com.testing.XeroAutomationSelenium.TestScriptsXero"/>
  <testcase name="IncorrectEmail_ID01C" time="0.001" classname="com.testing.XeroAutomationSelenium.TestScriptsXero"/>
  <testcase name="IncorrectPassword_ID01B" time="0.001" classname="com.testing.XeroAutomationSelenium.TestScriptsXero"/>
  <testcase name="addOrganizationQuickBooks_ID08F" time="0.001" classname="com.testing.XeroAutomationSelenium.TestScriptsXero"/>
  <testcase name="NavigatetoXero_ID01A" time="0.000" classname="com.testing.XeroAutomationSelenium.TestScriptsXero"/>
  <testcase name="addOrganizationPaid_ID08B" time="0.001" classname="com.testing.XeroAutomationSelenium.TestScriptsXero"/>
  <testcase name="IncorrectEmail_ID01C" time="0.001" classname="com.testing.XeroAutomationSelenium.TestScriptsXero"/>
  <testcase name="NavigatetoXero_ID01A" time="0.001" classname="com.testing.XeroAutomationSelenium.TestScriptsXero"/>
  <testcase name="signUpToXDC_ID02C" time="0.000" classname="com.testing.XeroAutomationSelenium.TestScriptsXero"/>
  <testcase name="signUpToXDC_ID02D" time="0.000" classname="com.testing.XeroAutomationSelenium.TestScriptsXero"/>
  <testcase name="addOrganizationQuickBooks_ID08F" time="0.000" classname="com.testing.XeroAutomationSelenium.TestScriptsXero"/>
  <testcase name="signUpToXDC_ID02D" time="0.009" classname="com.testing.XeroAutomationSelenium.TestScriptsXero"/>
  <testcase name="IncorrectPassword_ID01B" time="0.001" classname="com.testing.XeroAutomationSelenium.TestScriptsXero"/>
  <testcase name="signUpToXDC_ID02E" time="0.000" classname="com.testing.XeroAutomationSelenium.TestScriptsXero"/>
  <testcase name="IncorrectPassword_ID01B" time="0.001" classname="com.testing.XeroAutomationSelenium.TestScriptsXero"/>
  <testcase name="checkBillingInfo_ID10" time="0.001" classname="com.testing.XeroAutomationSelenium.TestScriptsXero"/>
  <testcase name="signUpToXDC_ID02E" time="22.147" classname="com.testing.XeroAutomationSelenium.TestScriptsXero"/>
  <testcase name="addOrganizationPremiumPlan_ID08E" time="0.001" classname="com.testing.XeroAutomationSelenium.TestScriptsXero"/>
  <testcase name="addOrganizationQuickBooks_ID08F" time="0.012" classname="com.testing.XeroAutomationSelenium.TestScriptsXero"/>
  <testcase name="NavigateToXero_ID01D" time="0.001" classname="com.testing.XeroAutomationSelenium.TestScriptsXero"/>
  <testcase name="testAllTabsPage_ID03A" time="0.000" classname="com.testing.XeroAutomationSelenium.TestScriptsXero"/>
  <testcase name="testAllTabsPage_ID03A" time="0.001" classname="com.testing.XeroAutomationSelenium.TestScriptsXero"/>
  <testcase name="signUpToXDC_ID02E" time="0.000" classname="com.testing.XeroAutomationSelenium.TestScriptsXero"/>
  <testcase name="signUpToXDC_ID02C" time="0.000" classname="com.testing.XeroAutomationSelenium.TestScriptsXero"/>
  <testcase name="testAllTabsPage_ID03A" time="0.001" classname="com.testing.XeroAutomationSelenium.TestScriptsXero"/>
  <testcase name="signUpToXDC_ID02D" time="0.001" classname="com.testing.XeroAutomationSelenium.TestScriptsXero"/>
  <testcase name="NavigateToXero_ID01D" time="0.003" classname="com.testing.XeroAutomationSelenium.TestScriptsXero"/>
  <testcase name="addOrganizationStandardPlan_ID08D" time="0.001" classname="com.testing.XeroAutomationSelenium.TestScriptsXero"/>
  <testcase name="logoutFuctionality_ID04A" time="0.001" classname="com.testing.XeroAutomationSelenium.TestScriptsXero"/>
  <testcase name="uploadProfileImage_ID06A" time="0.000" classname="com.testing.XeroAutomationSelenium.TestScriptsXero"/>
  <testcase name="NavigatetoXero_ID01A" time="0.001" classname="com.testing.XeroAutomationSelenium.TestScriptsXero"/>
  <testcase name="testAllTabsPage_ID03A" time="37.871" classname="com.testing.XeroAutomationSelenium.TestScriptsXero"/>
  <testcase name="IncorrectEmail_ID01C" time="0.001" classname="com.testing.XeroAutomationSelenium.TestScriptsXero"/>
  <testcase name="IncorrectEmail_ID01C" time="9.956" classname="com.testing.XeroAutomationSelenium.TestScriptsXero"/>
  <testcase name="addOrganizationPaid_ID08B" time="0.000" classname="com.testing.XeroAutomationSelenium.TestScriptsXero"/>
  <testcase name="addOrganizationStarterPlan_ID08C" time="0.000" classname="com.testing.XeroAutomationSelenium.TestScriptsXero"/>
  <testcase name="signUpToXDC_ID02D" time="0.001" classname="com.testing.XeroAutomationSelenium.TestScriptsXero"/>
  <testcase name="uploadProfileImage_ID06A" time="0.000" classname="com.testing.XeroAutomationSelenium.TestScriptsXero"/>
  <testcase name="NavigatetoXero_ID01A" time="18.661" classname="com.testing.XeroAutomationSelenium.TestScriptsXero"/>
  <testcase name="signUpToXDC_ID02E" time="0.000" classname="com.testing.XeroAutomationSelenium.TestScriptsXero"/>
  <testcase name="IncorrectEmail_ID01C" time="0.001" classname="com.testing.XeroAutomationSelenium.TestScriptsXero"/>
  <testcase name="IncorrectEmail_ID01C" time="0.001" classname="com.testing.XeroAutomationSelenium.TestScriptsXero"/>
  <testcase name="NavigateToXero_ID01D" time="0.001" classname="com.testing.XeroAutomationSelenium.TestScriptsXero"/>
  <testcase name="signUpToXDC_ID02C" time="0.001" classname="com.testing.XeroAutomationSelenium.TestScriptsXero"/>
  <testcase name="addOrganizationStandardPlan_ID08D" time="0.001" classname="com.testing.XeroAutomationSelenium.TestScriptsXero"/>
  <testcase name="signUpToXDC_ID02E" time="0.000" classname="com.testing.XeroAutomationSelenium.TestScriptsXero"/>
  <testcase name="addOrganizationTrial_ID08A" time="0.000" classname="com.testing.XeroAutomationSelenium.TestScriptsXero"/>
  <testcase name="NavigatetoXero_ID01A" time="0.001" classname="com.testing.XeroAutomationSelenium.TestScriptsXero"/>
  <testcase name="IncorrectEmail_ID01C" time="0.002" classname="com.testing.XeroAutomationSelenium.TestScriptsXero"/>
  <testcase name="IncorrectPassword_ID01B" time="0.001" classname="com.testing.XeroAutomationSelenium.TestScriptsXero"/>
  <testcase name="addOrganizationQuickBooks_ID08F" time="0.006" classname="com.testing.XeroAutomationSelenium.TestScriptsXero"/>
  <testcase name="logoutFuctionality_ID04A" time="0.000" classname="com.testing.XeroAutomationSelenium.TestScriptsXero"/>
  <testcase name="signUpToXDC_ID02E" time="0.001" classname="com.testing.XeroAutomationSelenium.TestScriptsXero"/>
  <testcase name="addOrganizationStarterPlan_ID08C" time="0.001" classname="com.testing.XeroAutomationSelenium.TestScriptsXero"/>
  <testcase name="signUpToXDC_ID02E" time="0.001" classname="com.testing.XeroAutomationSelenium.TestScriptsXero"/>
  <testcase name="logoutFuctionality_ID04A" time="0.000" classname="com.testing.XeroAutomationSelenium.TestScriptsXero"/>
  <testcase name="NavigateToXero_ID01D" time="0.007" classname="com.testing.XeroAutomationSelenium.TestScriptsXero"/>
  <testcase name="addOrganizationQuickBooks_ID08F" time="0.001" classname="com.testing.XeroAutomationSelenium.TestScriptsXero"/>
  <testcase name="addOrganizationStandardPlan_ID08D" time="0.001" classname="com.testing.XeroAutomationSelenium.TestScriptsXero"/>
  <testcase name="addOrganizationStarterPlan_ID08C" time="0.001" classname="com.testing.XeroAutomationSelenium.TestScriptsXero"/>
  <testcase name="checkBillingInfo_ID10" time="0.001" classname="com.testing.XeroAutomationSelenium.TestScriptsXero"/>
  <testcase name="signUpToXDC_ID02C" time="0.002" classname="com.testing.XeroAutomationSelenium.TestScriptsXero"/>
  <testcase name="IncorrectPassword_ID01B" time="0.001" classname="com.testing.XeroAutomationSelenium.TestScriptsXero"/>
  <testcase name="addOrganizationPremiumPlan_ID08E" time="0.001" classname="com.testing.XeroAutomationSelenium.TestScriptsXero"/>
  <testcase name="addOrganizationPaid_ID08B" time="0.001" classname="com.testing.XeroAutomationSelenium.TestScriptsXero"/>
  <testcase name="addOrganizationQuickBooks_ID08F" time="0.001" classname="com.testing.XeroAutomationSelenium.TestScriptsXero"/>
  <testcase name="addOrganizationTrial_ID08A" time="0.000" classname="com.testing.XeroAutomationSelenium.TestScriptsXero"/>
  <testcase name="addOrganizationStandardPlan_ID08D" time="0.001" classname="com.testing.XeroAutomationSelenium.TestScriptsXero"/>
  <testcase name="addOrganizationTrial_ID08A" time="0.000" classname="com.testing.XeroAutomationSelenium.TestScriptsXero"/>
  <testcase name="NavigateToXero_ID01D" time="0.020" classname="com.testing.XeroAutomationSelenium.TestScriptsXero"/>
  <testcase name="signUpToXDC_ID02E" time="0.001" classname="com.testing.XeroAutomationSelenium.TestScriptsXero"/>
  <testcase name="uploadProfileImage_ID06A" time="0.001" classname="com.testing.XeroAutomationSelenium.TestScriptsXero"/>
  <testcase name="NavigatetoXero_ID01A" time="0.001" classname="com.testing.XeroAutomationSelenium.TestScriptsXero"/>
  <testcase name="addOrganizationQuickBooks_ID08F" time="0.001" classname="com.testing.XeroAutomationSelenium.TestScriptsXero"/>
  <testcase name="testAllTabsPage_ID03A" time="0.001" classname="com.testing.XeroAutomationSelenium.TestScriptsXero"/>
  <testcase name="signUpToXDC_ID02C" time="0.002" classname="com.testing.XeroAutomationSelenium.TestScriptsXero"/>
  <testcase name="addOrganizationStandardPlan_ID08D" time="65.660" classname="com.testing.XeroAutomationSelenium.TestScriptsXero"/>
  <testcase name="addOrganizationPaid_ID08B" time="0.000" classname="com.testing.XeroAutomationSelenium.TestScriptsXero"/>
  <testcase name="testAllTabsPage_ID03A" time="0.000" classname="com.testing.XeroAutomationSelenium.TestScriptsXero"/>
  <testcase name="uploadProfileImage_ID06A" time="0.001" classname="com.testing.XeroAutomationSelenium.TestScriptsXero"/>
  <testcase name="checkBillingInfo_ID10" time="0.001" classname="com.testing.XeroAutomationSelenium.TestScriptsXero"/>
  <testcase name="testAllTabsPage_ID03A" time="0.000" classname="com.testing.XeroAutomationSelenium.TestScriptsXero"/>
  <testcase name="addOrganizationStandardPlan_ID08D" time="0.000" classname="com.testing.XeroAutomationSelenium.TestScriptsXero"/>
  <testcase name="logoutFuctionality_ID04A" time="0.001" classname="com.testing.XeroAutomationSelenium.TestScriptsXero"/>
  <testcase name="IncorrectEmail_ID01C" time="0.001" classname="com.testing.XeroAutomationSelenium.TestScriptsXero"/>
  <testcase name="addOrganizationPaid_ID08B" time="0.001" classname="com.testing.XeroAutomationSelenium.TestScriptsXero"/>
  <testcase name="checkBillingInfo_ID10" time="0.000" classname="com.testing.XeroAutomationSelenium.TestScriptsXero"/>
  <testcase name="addOrganizationPremiumPlan_ID08E" time="0.002" classname="com.testing.XeroAutomationSelenium.TestScriptsXero"/>
  <testcase name="addOrganizationTrial_ID08A" time="0.000" classname="com.testing.XeroAutomationSelenium.TestScriptsXero"/>
  <testcase name="addOrganizationStandardPlan_ID08D" time="0.001" classname="com.testing.XeroAutomationSelenium.TestScriptsXero"/>
  <testcase name="NavigateToXero_ID01D" time="0.002" classname="com.testing.XeroAutomationSelenium.TestScriptsXero"/>
  <testcase name="NavigatetoXero_ID01A" time="0.001" classname="com.testing.XeroAutomationSelenium.TestScriptsXero"/>
  <testcase name="addOrganizationPaid_ID08B" time="0.001" classname="com.testing.XeroAutomationSelenium.TestScriptsXero"/>
  <testcase name="testAllTabsPage_ID03A" time="0.001" classname="com.testing.XeroAutomationSelenium.TestScriptsXero"/>
  <testcase name="logoutFuctionality_ID04A" time="0.000" classname="com.testing.XeroAutomationSelenium.TestScriptsXero"/>
  <testcase name="logoutFuctionality_ID04A" time="0.000" classname="com.testing.XeroAutomationSelenium.TestScriptsXero"/>
  <testcase name="signUpToXDC_ID02C" time="0.001" classname="com.testing.XeroAutomationSelenium.TestScriptsXero"/>
  <testcase name="addOrganizationQuickBooks_ID08F" time="47.042" classname="com.testing.XeroAutomationSelenium.TestScriptsXero"/>
  <testcase name="IncorrectEmail_ID01C" time="0.002" classname="com.testing.XeroAutomationSelenium.TestScriptsXero"/>
  <testcase name="addOrganizationStarterPlan_ID08C" time="0.001" classname="com.testing.XeroAutomationSelenium.TestScriptsXero"/>
  <testcase name="uploadProfileImage_ID06A" time="0.001" classname="com.testing.XeroAutomationSelenium.TestScriptsXero"/>
  <testcase name="addOrganizationQuickBooks_ID08F" time="0.000" classname="com.testing.XeroAutomationSelenium.TestScriptsXero"/>
  <testcase name="IncorrectEmail_ID01C" time="0.001" classname="com.testing.XeroAutomationSelenium.TestScriptsXero"/>
  <testcase name="IncorrectEmail_ID01C" time="0.001" classname="com.testing.XeroAutomationSelenium.TestScriptsXero"/>
  <testcase name="addOrganizationQuickBooks_ID08F" time="0.000" classname="com.testing.XeroAutomationSelenium.TestScriptsXero"/>
  <testcase name="IncorrectPassword_ID01B" time="0.001" classname="com.testing.XeroAutomationSelenium.TestScriptsXero"/>
  <testcase name="logoutFuctionality_ID04A" time="0.000" classname="com.testing.XeroAutomationSelenium.TestScriptsXero"/>
  <testcase name="NavigatetoXero_ID01A" time="0.004" classname="com.testing.XeroAutomationSelenium.TestScriptsXero"/>
  <testcase name="testAllTabsPage_ID03A" time="0.001" classname="com.testing.XeroAutomationSelenium.TestScriptsXero"/>
  <testcase name="addOrganizationStarterPlan_ID08C" time="0.000" classname="com.testing.XeroAutomationSelenium.TestScriptsXero"/>
  <testcase name="IncorrectEmail_ID01C" time="0.001" classname="com.testing.XeroAutomationSelenium.TestScriptsXero"/>
  <testcase name="addOrganizationTrial_ID08A" time="0.001" classname="com.testing.XeroAutomationSelenium.TestScriptsXero"/>
  <testcase name="signUpToXDC_ID02D" time="0.005" classname="com.testing.XeroAutomationSelenium.TestScriptsXero"/>
  <testcase name="addOrganizationPremiumPlan_ID08E" time="0.000" classname="com.testing.XeroAutomationSelenium.TestScriptsXero"/>
  <testcase name="addOrganizationQuickBooks_ID08F" time="0.000" classname="com.testing.XeroAutomationSelenium.TestScriptsXero"/>
  <testcase name="logoutFuctionality_ID04A" time="0.002" classname="com.testing.XeroAutomationSelenium.TestScriptsXero"/>
  <testcase name="logoutFuctionality_ID04A" time="0.000" classname="com.testing.XeroAutomationSelenium.TestScriptsXero"/>
  <testcase name="uploadProfileImage_ID06A" time="0.000" classname="com.testing.XeroAutomationSelenium.TestScriptsXero"/>
  <testcase name="IncorrectEmail_ID01C" time="0.001" classname="com.testing.XeroAutomationSelenium.TestScriptsXero"/>
  <testcase name="signUpToXDC_ID02E" time="0.000" classname="com.testing.XeroAutomationSelenium.TestScriptsXero"/>
  <testcase name="logoutFuctionality_ID04A" time="0.001" classname="com.testing.XeroAutomationSelenium.TestScriptsXero"/>
  <testcase name="IncorrectPassword_ID01B" time="0.001" classname="com.testing.XeroAutomationSelenium.TestScriptsXero"/>
  <testcase name="addOrganizationTrial_ID08A" time="0.000" classname="com.testing.XeroAutomationSelenium.TestScriptsXero"/>
  <testcase name="signUpToXDC_ID02C" time="0.000" classname="com.testing.XeroAutomationSelenium.TestScriptsXero"/>
  <testcase name="NavigatetoXero_ID01A" time="0.001" classname="com.testing.XeroAutomationSelenium.TestScriptsXero"/>
  <testcase name="NavigateToXero_ID01D" time="0.000" classname="com.testing.XeroAutomationSelenium.TestScriptsXero"/>
  <testcase name="addOrganizationPaid_ID08B" time="49.835" classname="com.testing.XeroAutomationSelenium.TestScriptsXero"/>
  <testcase name="testAllTabsPage_ID03A" time="0.001" classname="com.testing.XeroAutomationSelenium.TestScriptsXero"/>
  <testcase name="IncorrectEmail_ID01C" time="0.001" classname="com.testing.XeroAutomationSelenium.TestScriptsXero"/>
  <testcase name="signUpToXDC_ID02E" time="0.003" classname="com.testing.XeroAutomationSelenium.TestScriptsXero"/>
  <testcase name="addOrganizationPremiumPlan_ID08E" time="0.001" classname="com.testing.XeroAutomationSelenium.TestScriptsXero"/>
  <testcase name="addOrganizationPremiumPlan_ID08E" time="0.001" classname="com.testing.XeroAutomationSelenium.TestScriptsXero"/>
  <testcase name="addOrganizationPaid_ID08B" time="0.004" classname="com.testing.XeroAutomationSelenium.TestScriptsXero"/>
  <testcase name="addOrganizationStarterPlan_ID08C" time="0.000" classname="com.testing.XeroAutomationSelenium.TestScriptsXero"/>
  <testcase name="uploadProfileImage_ID06A" time="0.000" classname="com.testing.XeroAutomationSelenium.TestScriptsXero"/>
  <testcase name="logoutFuctionality_ID04A" time="0.000" classname="com.testing.XeroAutomationSelenium.TestScriptsXero"/>
  <testcase name="addOrganizationQuickBooks_ID08F" time="0.001" classname="com.testing.XeroAutomationSelenium.TestScriptsXero"/>
  <testcase name="signUpToXDC_ID02D" time="0.000" classname="com.testing.XeroAutomationSelenium.TestScriptsXero"/>
  <testcase name="addOrganizationStandardPlan_ID08D" time="0.000" classname="com.testing.XeroAutomationSelenium.TestScriptsXero"/>
  <testcase name="addOrganizationStandardPlan_ID08D" time="0.000" classname="com.testing.XeroAutomationSelenium.TestScriptsXero"/>
  <testcase name="uploadProfileImage_ID06A" time="0.000" classname="com.testing.XeroAutomationSelenium.TestScriptsXero"/>
  <testcase name="signUpToXDC_ID02C" time="0.000" classname="com.testing.XeroAutomationSelenium.TestScriptsXero"/>
  <testcase name="checkBillingInfo_ID10" time="0.000" classname="com.testing.XeroAutomationSelenium.TestScriptsXero"/>
  <testcase name="signUpToXDC_ID02D" time="0.001" classname="com.testing.XeroAutomationSelenium.TestScriptsXero"/>
  <testcase name="addOrganizationTrial_ID08A" time="0.000" classname="com.testing.XeroAutomationSelenium.TestScriptsXero"/>
  <testcase name="addOrganizationTrial_ID08A" time="0.000" classname="com.testing.XeroAutomationSelenium.TestScriptsXero"/>
  <testcase name="signUpToXDC_ID02E" time="0.001" classname="com.testing.XeroAutomationSelenium.TestScriptsXero"/>
  <testcase name="IncorrectEmail_ID01C" time="0.001" classname="com.testing.XeroAutomationSelenium.TestScriptsXero"/>
  <testcase name="addOrganizationStandardPlan_ID08D" time="0.001" classname="com.testing.XeroAutomationSelenium.TestScriptsXero"/>
  <testcase name="testAllTabsPage_ID03A" time="0.001" classname="com.testing.XeroAutomationSelenium.TestScriptsXero"/>
  <testcase name="addOrganizationQuickBooks_ID08F" time="0.000" classname="com.testing.XeroAutomationSelenium.TestScriptsXero"/>
  <testcase name="NavigatetoXero_ID01A" time="0.000" classname="com.testing.XeroAutomationSelenium.TestScriptsXero"/>
  <testcase name="uploadProfileImage_ID06A" time="40.818" classname="com.testing.XeroAutomationSelenium.TestScriptsXero"/>
  <testcase name="addOrganizationTrial_ID08A" time="0.001" classname="com.testing.XeroAutomationSelenium.TestScriptsXero"/>
  <testcase name="checkBillingInfo_ID10" time="0.000" classname="com.testing.XeroAutomationSelenium.TestScriptsXero"/>
  <testcase name="addOrganizationPaid_ID08B" time="0.004" classname="com.testing.XeroAutomationSelenium.TestScriptsXero"/>
  <testcase name="addOrganizationStarterPlan_ID08C" time="0.000" classname="com.testing.XeroAutomationSelenium.TestScriptsXero"/>
  <testcase name="logoutFuctionality_ID04A" time="0.000" classname="com.testing.XeroAutomationSelenium.TestScriptsXero"/>
  <testcase name="signUpToXDC_ID02E" time="0.000" classname="com.testing.XeroAutomationSelenium.TestScriptsXero"/>
  <testcase name="uploadProfileImage_ID06A" time="0.001" classname="com.testing.XeroAutomationSelenium.TestScriptsXero"/>
  <testcase name="signUpToXDC_ID02D" time="0.001" classname="com.testing.XeroAutomationSelenium.TestScriptsXero"/>
  <testcase name="testAllTabsPage_ID03A" time="0.001" classname="com.testing.XeroAutomationSelenium.TestScriptsXero"/>
  <testcase name="addOrganizationPremiumPlan_ID08E" time="0.001" classname="com.testing.XeroAutomationSelenium.TestScriptsXero"/>
  <testcase name="addOrganizationTrial_ID08A" time="0.001" classname="com.testing.XeroAutomationSelenium.TestScriptsXero"/>
  <testcase name="testAllTabsPage_ID03A" time="0.000" classname="com.testing.XeroAutomationSelenium.TestScriptsXero"/>
  <testcase name="signUpToXDC_ID02D" time="0.000" classname="com.testing.XeroAutomationSelenium.TestScriptsXero"/>
  <testcase name="addOrganizationPremiumPlan_ID08E" time="0.001" classname="com.testing.XeroAutomationSelenium.TestScriptsXero"/>
  <testcase name="NavigatetoXero_ID01A" time="18.590" classname="com.testing.XeroAutomationSelenium.TestScriptsXero"/>
  <testcase name="checkBillingInfo_ID10" time="0.000" classname="com.testing.XeroAutomationSelenium.TestScriptsXero"/>
  <testcase name="NavigateToXero_ID01D" time="0.001" classname="com.testing.XeroAutomationSelenium.TestScriptsXero"/>
</testsuite> <!-- com.testing.XeroAutomationSelenium.TestScriptsXero -->
